# Logfile created on Thu Aug 27 15:08:22 +0400 2009 by /
  [4;36;1mSQL (0.3ms)[0m   [0;1mselect sqlite_version(*)[0m
  [4;35;1mSQL (0.2ms)[0m   [0m SELECT name
 FROM sqlite_master
 WHERE type = 'table' AND NOT name = 'sqlite_sequence'
[0m
  [4;36;1mSQL (0.2ms)[0m   [0;1mCREATE TABLE "maries" ("id" INTEGER PRIMARY KEY AUTOINCREMENT NOT NULL, "name" varchar(255), "status" integer) [0m
  [4;35;1mMary Create (0.1ms)[0m   [0mINSERT INTO "maries" ("name", "status") VALUES(NULL, 0)[0m
  [4;36;1mSQL (0.1ms)[0m   [0;1m SELECT name
 FROM sqlite_master
 WHERE type = 'table' AND NOT name = 'sqlite_sequence'
[0m
  [4;35;1mSQL (0.1ms)[0m   [0mDROP TABLE "maries"[0m
  [4;36;1mSQL (0.1ms)[0m   [0;1mCREATE TABLE "maries" ("id" INTEGER PRIMARY KEY AUTOINCREMENT NOT NULL, "name" varchar(255), "status" integer) [0m
  [4;35;1mMary Create (0.1ms)[0m   [0mINSERT INTO "maries" ("name", "status") VALUES(NULL, 0)[0m
  [4;36;1mSQL (0.1ms)[0m   [0;1m SELECT name
 FROM sqlite_master
 WHERE type = 'table' AND NOT name = 'sqlite_sequence'
[0m
  [4;35;1mSQL (0.1ms)[0m   [0mDROP TABLE "maries"[0m
  [4;36;1mSQL (0.2ms)[0m   [0;1mCREATE TABLE "maries" ("id" INTEGER PRIMARY KEY AUTOINCREMENT NOT NULL, "name" varchar(255), "status" integer) [0m
  [4;35;1mMary Create (0.7ms)[0m   [0mINSERT INTO "maries" ("name", "status") VALUES(NULL, 0)[0m
  [4;36;1mSQL (0.1ms)[0m   [0;1m SELECT name
 FROM sqlite_master
 WHERE type = 'table' AND NOT name = 'sqlite_sequence'
[0m
  [4;35;1mSQL (0.1ms)[0m   [0mDROP TABLE "maries"[0m
  [4;36;1mSQL (0.1ms)[0m   [0;1mCREATE TABLE "maries" ("id" INTEGER PRIMARY KEY AUTOINCREMENT NOT NULL, "name" varchar(255), "status" integer) [0m
  [4;35;1mMary Create (0.1ms)[0m   [0mINSERT INTO "maries" ("name", "status") VALUES(NULL, 0)[0m
  [4;36;1mMary Update (0.1ms)[0m   [0;1mUPDATE "maries" SET "status" = 1 WHERE "id" = 1[0m
  [4;35;1mSQL (0.1ms)[0m   [0m SELECT name
 FROM sqlite_master
 WHERE type = 'table' AND NOT name = 'sqlite_sequence'
[0m
  [4;36;1mSQL (0.1ms)[0m   [0;1mDROP TABLE "maries"[0m
  [4;35;1mSQL (0.1ms)[0m   [0mCREATE TABLE "maries" ("id" INTEGER PRIMARY KEY AUTOINCREMENT NOT NULL, "name" varchar(255), "status" integer) [0m
  [4;36;1mMary Create (0.1ms)[0m   [0;1mINSERT INTO "maries" ("name", "status") VALUES(NULL, 0)[0m
  [4;35;1mMary Update (0.1ms)[0m   [0mUPDATE "maries" SET "status" = 1 WHERE "id" = 1[0m
  [4;36;1mSQL (0.2ms)[0m   [0;1m SELECT name
 FROM sqlite_master
 WHERE type = 'table' AND NOT name = 'sqlite_sequence'
[0m
  [4;35;1mSQL (0.1ms)[0m   [0mDROP TABLE "maries"[0m
  [4;36;1mSQL (0.2ms)[0m   [0;1mCREATE TABLE "maries" ("id" INTEGER PRIMARY KEY AUTOINCREMENT NOT NULL, "name" varchar(255), "status" integer) [0m
  [4;35;1mMary Create (0.1ms)[0m   [0mINSERT INTO "maries" ("name", "status") VALUES(NULL, 0)[0m
  [4;36;1mMary Create (0.1ms)[0m   [0;1mINSERT INTO "maries" ("name", "status") VALUES(NULL, 0)[0m
  [4;35;1mMary Load (0.2ms)[0m   [0mSELECT * FROM "maries" WHERE ("maries"."status" = 0) [0m
  [4;36;1mSQL (0.2ms)[0m   [0;1mselect sqlite_version(*)[0m
  [4;35;1mSQL (0.2ms)[0m   [0m SELECT name
 FROM sqlite_master
 WHERE type = 'table' AND NOT name = 'sqlite_sequence'
[0m
  [4;36;1mSQL (0.3ms)[0m   [0;1mCREATE TABLE "maries" ("id" INTEGER PRIMARY KEY AUTOINCREMENT NOT NULL, "name" varchar(255), "status" integer) [0m
  [4;35;1mMary Create (0.1ms)[0m   [0mINSERT INTO "maries" ("name", "status") VALUES(NULL, 0)[0m
  [4;36;1mSQL (0.1ms)[0m   [0;1m SELECT name
 FROM sqlite_master
 WHERE type = 'table' AND NOT name = 'sqlite_sequence'
[0m
  [4;35;1mSQL (0.1ms)[0m   [0mDROP TABLE "maries"[0m
  [4;36;1mSQL (0.1ms)[0m   [0;1mCREATE TABLE "maries" ("id" INTEGER PRIMARY KEY AUTOINCREMENT NOT NULL, "name" varchar(255), "status" integer) [0m
  [4;35;1mMary Create (0.1ms)[0m   [0mINSERT INTO "maries" ("name", "status") VALUES(NULL, 0)[0m
  [4;36;1mSQL (0.1ms)[0m   [0;1m SELECT name
 FROM sqlite_master
 WHERE type = 'table' AND NOT name = 'sqlite_sequence'
[0m
  [4;35;1mSQL (0.1ms)[0m   [0mDROP TABLE "maries"[0m
  [4;36;1mSQL (0.1ms)[0m   [0;1mCREATE TABLE "maries" ("id" INTEGER PRIMARY KEY AUTOINCREMENT NOT NULL, "name" varchar(255), "status" integer) [0m
  [4;35;1mMary Create (0.1ms)[0m   [0mINSERT INTO "maries" ("name", "status") VALUES(NULL, 0)[0m
  [4;36;1mSQL (0.1ms)[0m   [0;1m SELECT name
 FROM sqlite_master
 WHERE type = 'table' AND NOT name = 'sqlite_sequence'
[0m
  [4;35;1mSQL (0.1ms)[0m   [0mDROP TABLE "maries"[0m
  [4;36;1mSQL (0.1ms)[0m   [0;1mCREATE TABLE "maries" ("id" INTEGER PRIMARY KEY AUTOINCREMENT NOT NULL, "name" varchar(255), "status" integer) [0m
  [4;35;1mMary Create (0.1ms)[0m   [0mINSERT INTO "maries" ("name", "status") VALUES(NULL, 0)[0m
  [4;36;1mMary Update (0.1ms)[0m   [0;1mUPDATE "maries" SET "status" = 1 WHERE "id" = 1[0m
  [4;35;1mSQL (0.1ms)[0m   [0m SELECT name
 FROM sqlite_master
 WHERE type = 'table' AND NOT name = 'sqlite_sequence'
[0m
  [4;36;1mSQL (0.1ms)[0m   [0;1mDROP TABLE "maries"[0m
  [4;35;1mSQL (0.1ms)[0m   [0mCREATE TABLE "maries" ("id" INTEGER PRIMARY KEY AUTOINCREMENT NOT NULL, "name" varchar(255), "status" integer) [0m
  [4;36;1mMary Create (0.1ms)[0m   [0;1mINSERT INTO "maries" ("name", "status") VALUES(NULL, 0)[0m
  [4;35;1mMary Update (0.1ms)[0m   [0mUPDATE "maries" SET "status" = 1 WHERE "id" = 1[0m
  [4;36;1mSQL (0.1ms)[0m   [0;1m SELECT name
 FROM sqlite_master
 WHERE type = 'table' AND NOT name = 'sqlite_sequence'
[0m
  [4;35;1mSQL (0.1ms)[0m   [0mDROP TABLE "maries"[0m
  [4;36;1mSQL (0.1ms)[0m   [0;1mCREATE TABLE "maries" ("id" INTEGER PRIMARY KEY AUTOINCREMENT NOT NULL, "name" varchar(255), "status" integer) [0m
  [4;35;1mMary Create (0.1ms)[0m   [0mINSERT INTO "maries" ("name", "status") VALUES(NULL, 0)[0m
  [4;36;1mMary Create (0.1ms)[0m   [0;1mINSERT INTO "maries" ("name", "status") VALUES(NULL, 0)[0m
  [4;35;1mMary Load (0.6ms)[0m   [0mSELECT * FROM "maries" WHERE ("maries"."status" = 0) [0m
  [4;36;1mSQL (0.2ms)[0m   [0;1mselect sqlite_version(*)[0m
  [4;35;1mSQL (0.2ms)[0m   [0m SELECT name
 FROM sqlite_master
 WHERE type = 'table' AND NOT name = 'sqlite_sequence'
[0m
  [4;36;1mSQL (0.2ms)[0m   [0;1mCREATE TABLE "maries" ("id" INTEGER PRIMARY KEY AUTOINCREMENT NOT NULL, "name" varchar(255), "status" integer) [0m
  [4;35;1mMary Create (0.1ms)[0m   [0mINSERT INTO "maries" ("name", "status") VALUES(NULL, 0)[0m
  [4;36;1mSQL (0.1ms)[0m   [0;1m SELECT name
 FROM sqlite_master
 WHERE type = 'table' AND NOT name = 'sqlite_sequence'
[0m
  [4;35;1mSQL (0.1ms)[0m   [0mDROP TABLE "maries"[0m
  [4;36;1mSQL (0.1ms)[0m   [0;1mCREATE TABLE "maries" ("id" INTEGER PRIMARY KEY AUTOINCREMENT NOT NULL, "name" varchar(255), "status" integer) [0m
  [4;35;1mMary Create (0.1ms)[0m   [0mINSERT INTO "maries" ("name", "status") VALUES(NULL, 0)[0m
  [4;36;1mSQL (0.1ms)[0m   [0;1m SELECT name
 FROM sqlite_master
 WHERE type = 'table' AND NOT name = 'sqlite_sequence'
[0m
  [4;35;1mSQL (0.1ms)[0m   [0mDROP TABLE "maries"[0m
  [4;36;1mSQL (0.1ms)[0m   [0;1mCREATE TABLE "maries" ("id" INTEGER PRIMARY KEY AUTOINCREMENT NOT NULL, "name" varchar(255), "status" integer) [0m
  [4;35;1mMary Create (0.1ms)[0m   [0mINSERT INTO "maries" ("name", "status") VALUES(NULL, 0)[0m
  [4;36;1mSQL (0.2ms)[0m   [0;1m SELECT name
 FROM sqlite_master
 WHERE type = 'table' AND NOT name = 'sqlite_sequence'
[0m
  [4;35;1mSQL (0.1ms)[0m   [0mDROP TABLE "maries"[0m
  [4;36;1mSQL (0.1ms)[0m   [0;1mCREATE TABLE "maries" ("id" INTEGER PRIMARY KEY AUTOINCREMENT NOT NULL, "name" varchar(255), "status" integer) [0m
  [4;35;1mMary Create (0.1ms)[0m   [0mINSERT INTO "maries" ("name", "status") VALUES(NULL, 0)[0m
  [4;36;1mSQL (0.1ms)[0m   [0;1m SELECT name
 FROM sqlite_master
 WHERE type = 'table' AND NOT name = 'sqlite_sequence'
[0m
  [4;35;1mSQL (0.1ms)[0m   [0mDROP TABLE "maries"[0m
  [4;36;1mSQL (0.1ms)[0m   [0;1mCREATE TABLE "maries" ("id" INTEGER PRIMARY KEY AUTOINCREMENT NOT NULL, "name" varchar(255), "status" integer) [0m
  [4;35;1mMary Create (0.1ms)[0m   [0mINSERT INTO "maries" ("name", "status") VALUES(NULL, 0)[0m
  [4;36;1mSQL (0.1ms)[0m   [0;1m SELECT name
 FROM sqlite_master
 WHERE type = 'table' AND NOT name = 'sqlite_sequence'
[0m
  [4;35;1mSQL (0.1ms)[0m   [0mDROP TABLE "maries"[0m
  [4;36;1mSQL (0.1ms)[0m   [0;1mCREATE TABLE "maries" ("id" INTEGER PRIMARY KEY AUTOINCREMENT NOT NULL, "name" varchar(255), "status" integer) [0m
  [4;35;1mMary Create (0.1ms)[0m   [0mINSERT INTO "maries" ("name", "status") VALUES(NULL, 0)[0m
  [4;36;1mMary Create (0.1ms)[0m   [0;1mINSERT INTO "maries" ("name", "status") VALUES(NULL, 0)[0m
  [4;35;1mMary Load (0.2ms)[0m   [0mSELECT * FROM "maries" WHERE ("maries"."status" = 0) [0m
  [4;36;1mSQL (0.2ms)[0m   [0;1mselect sqlite_version(*)[0m
  [4;35;1mSQL (0.2ms)[0m   [0m SELECT name
 FROM sqlite_master
 WHERE type = 'table' AND NOT name = 'sqlite_sequence'
[0m
  [4;36;1mSQL (0.2ms)[0m   [0;1mCREATE TABLE "maries" ("id" INTEGER PRIMARY KEY AUTOINCREMENT NOT NULL, "name" varchar(255), "status" integer) [0m
  [4;35;1mMary Create (0.1ms)[0m   [0mINSERT INTO "maries" ("name", "status") VALUES(NULL, 0)[0m
  [4;36;1mSQL (0.1ms)[0m   [0;1m SELECT name
 FROM sqlite_master
 WHERE type = 'table' AND NOT name = 'sqlite_sequence'
[0m
  [4;35;1mSQL (0.1ms)[0m   [0mDROP TABLE "maries"[0m
  [4;36;1mSQL (0.1ms)[0m   [0;1mCREATE TABLE "maries" ("id" INTEGER PRIMARY KEY AUTOINCREMENT NOT NULL, "name" varchar(255), "status" integer) [0m
  [4;35;1mMary Create (0.1ms)[0m   [0mINSERT INTO "maries" ("name", "status") VALUES(NULL, 0)[0m
  [4;36;1mSQL (0.1ms)[0m   [0;1m SELECT name
 FROM sqlite_master
 WHERE type = 'table' AND NOT name = 'sqlite_sequence'
[0m
  [4;35;1mSQL (0.1ms)[0m   [0mDROP TABLE "maries"[0m
  [4;36;1mSQL (0.1ms)[0m   [0;1mCREATE TABLE "maries" ("id" INTEGER PRIMARY KEY AUTOINCREMENT NOT NULL, "name" varchar(255), "status" integer) [0m
  [4;35;1mMary Create (0.1ms)[0m   [0mINSERT INTO "maries" ("name", "status") VALUES(NULL, 0)[0m
  [4;36;1mSQL (0.1ms)[0m   [0;1m SELECT name
 FROM sqlite_master
 WHERE type = 'table' AND NOT name = 'sqlite_sequence'
[0m
  [4;35;1mSQL (0.1ms)[0m   [0mDROP TABLE "maries"[0m
  [4;36;1mSQL (0.2ms)[0m   [0;1mCREATE TABLE "maries" ("id" INTEGER PRIMARY KEY AUTOINCREMENT NOT NULL, "name" varchar(255), "status" integer) [0m
  [4;35;1mMary Create (0.1ms)[0m   [0mINSERT INTO "maries" ("name", "status") VALUES(NULL, 0)[0m
  [4;36;1mMary Update (0.1ms)[0m   [0;1mUPDATE "maries" SET "status" = 1 WHERE "id" = 1[0m
  [4;35;1mSQL (0.1ms)[0m   [0m SELECT name
 FROM sqlite_master
 WHERE type = 'table' AND NOT name = 'sqlite_sequence'
[0m
  [4;36;1mSQL (0.1ms)[0m   [0;1mDROP TABLE "maries"[0m
  [4;35;1mSQL (0.1ms)[0m   [0mCREATE TABLE "maries" ("id" INTEGER PRIMARY KEY AUTOINCREMENT NOT NULL, "name" varchar(255), "status" integer) [0m
  [4;36;1mMary Create (0.1ms)[0m   [0;1mINSERT INTO "maries" ("name", "status") VALUES(NULL, 0)[0m
  [4;35;1mMary Update (0.1ms)[0m   [0mUPDATE "maries" SET "status" = 1 WHERE "id" = 1[0m
  [4;36;1mSQL (0.1ms)[0m   [0;1m SELECT name
 FROM sqlite_master
 WHERE type = 'table' AND NOT name = 'sqlite_sequence'
[0m
  [4;35;1mSQL (0.1ms)[0m   [0mDROP TABLE "maries"[0m
  [4;36;1mSQL (0.1ms)[0m   [0;1mCREATE TABLE "maries" ("id" INTEGER PRIMARY KEY AUTOINCREMENT NOT NULL, "name" varchar(255), "status" integer) [0m
  [4;35;1mMary Create (0.1ms)[0m   [0mINSERT INTO "maries" ("name", "status") VALUES(NULL, 0)[0m
  [4;36;1mMary Create (0.1ms)[0m   [0;1mINSERT INTO "maries" ("name", "status") VALUES(NULL, 0)[0m
  [4;35;1mMary Load (0.2ms)[0m   [0mSELECT * FROM "maries" WHERE ("maries"."status" = 0) [0m
  [4;36;1mSQL (0.2ms)[0m   [0;1mselect sqlite_version(*)[0m
  [4;35;1mSQL (0.2ms)[0m   [0m SELECT name
 FROM sqlite_master
 WHERE type = 'table' AND NOT name = 'sqlite_sequence'
[0m
  [4;36;1mSQL (0.3ms)[0m   [0;1mCREATE TABLE "maries" ("id" INTEGER PRIMARY KEY AUTOINCREMENT NOT NULL, "name" varchar(255), "status" integer) [0m
  [4;35;1mMary Create (0.1ms)[0m   [0mINSERT INTO "maries" ("name", "status") VALUES(NULL, 0)[0m
  [4;36;1mSQL (0.2ms)[0m   [0;1m SELECT name
 FROM sqlite_master
 WHERE type = 'table' AND NOT name = 'sqlite_sequence'
[0m
  [4;35;1mSQL (0.1ms)[0m   [0mDROP TABLE "maries"[0m
  [4;36;1mSQL (0.1ms)[0m   [0;1mCREATE TABLE "maries" ("id" INTEGER PRIMARY KEY AUTOINCREMENT NOT NULL, "name" varchar(255), "status" integer) [0m
  [4;35;1mMary Create (0.1ms)[0m   [0mINSERT INTO "maries" ("name", "status") VALUES(NULL, 0)[0m
  [4;36;1mSQL (0.1ms)[0m   [0;1m SELECT name
 FROM sqlite_master
 WHERE type = 'table' AND NOT name = 'sqlite_sequence'
[0m
  [4;35;1mSQL (0.1ms)[0m   [0mDROP TABLE "maries"[0m
  [4;36;1mSQL (0.1ms)[0m   [0;1mCREATE TABLE "maries" ("id" INTEGER PRIMARY KEY AUTOINCREMENT NOT NULL, "name" varchar(255), "status" integer) [0m
  [4;35;1mMary Create (0.1ms)[0m   [0mINSERT INTO "maries" ("name", "status") VALUES(NULL, 0)[0m
  [4;36;1mSQL (0.1ms)[0m   [0;1m SELECT name
 FROM sqlite_master
 WHERE type = 'table' AND NOT name = 'sqlite_sequence'
[0m
  [4;35;1mSQL (0.1ms)[0m   [0mDROP TABLE "maries"[0m
  [4;36;1mSQL (0.1ms)[0m   [0;1mCREATE TABLE "maries" ("id" INTEGER PRIMARY KEY AUTOINCREMENT NOT NULL, "name" varchar(255), "status" integer) [0m
  [4;35;1mMary Create (0.1ms)[0m   [0mINSERT INTO "maries" ("name", "status") VALUES(NULL, 0)[0m
  [4;36;1mMary Update (0.1ms)[0m   [0;1mUPDATE "maries" SET "status" = 1 WHERE "id" = 1[0m
  [4;35;1mSQL (0.1ms)[0m   [0m SELECT name
 FROM sqlite_master
 WHERE type = 'table' AND NOT name = 'sqlite_sequence'
[0m
  [4;36;1mSQL (0.1ms)[0m   [0;1mDROP TABLE "maries"[0m
  [4;35;1mSQL (0.2ms)[0m   [0mCREATE TABLE "maries" ("id" INTEGER PRIMARY KEY AUTOINCREMENT NOT NULL, "name" varchar(255), "status" integer) [0m
  [4;36;1mMary Create (0.1ms)[0m   [0;1mINSERT INTO "maries" ("name", "status") VALUES(NULL, 0)[0m
  [4;35;1mMary Update (0.1ms)[0m   [0mUPDATE "maries" SET "status" = 1 WHERE "id" = 1[0m
  [4;36;1mSQL (0.1ms)[0m   [0;1m SELECT name
 FROM sqlite_master
 WHERE type = 'table' AND NOT name = 'sqlite_sequence'
[0m
  [4;35;1mSQL (0.1ms)[0m   [0mDROP TABLE "maries"[0m
  [4;36;1mSQL (0.2ms)[0m   [0;1mCREATE TABLE "maries" ("id" INTEGER PRIMARY KEY AUTOINCREMENT NOT NULL, "name" varchar(255), "status" integer) [0m
  [4;35;1mMary Create (0.1ms)[0m   [0mINSERT INTO "maries" ("name", "status") VALUES(NULL, 0)[0m
  [4;36;1mMary Create (0.1ms)[0m   [0;1mINSERT INTO "maries" ("name", "status") VALUES(NULL, 0)[0m
  [4;35;1mMary Load (0.3ms)[0m   [0mSELECT * FROM "maries" WHERE ("maries"."status" = 0) [0m
  [4;36;1mSQL (0.2ms)[0m   [0;1mselect sqlite_version(*)[0m
  [4;35;1mSQL (0.1ms)[0m   [0m SELECT name
 FROM sqlite_master
 WHERE type = 'table' AND NOT name = 'sqlite_sequence'
[0m
  [4;36;1mSQL (0.2ms)[0m   [0;1mCREATE TABLE "maries" ("id" INTEGER PRIMARY KEY AUTOINCREMENT NOT NULL, "name" varchar(255), "status" integer) [0m
  [4;35;1mMary Create (0.1ms)[0m   [0mINSERT INTO "maries" ("name", "status") VALUES(NULL, 0)[0m
  [4;36;1mSQL (0.1ms)[0m   [0;1m SELECT name
 FROM sqlite_master
 WHERE type = 'table' AND NOT name = 'sqlite_sequence'
[0m
  [4;35;1mSQL (0.1ms)[0m   [0mDROP TABLE "maries"[0m
  [4;36;1mSQL (0.1ms)[0m   [0;1mCREATE TABLE "maries" ("id" INTEGER PRIMARY KEY AUTOINCREMENT NOT NULL, "name" varchar(255), "status" integer) [0m
  [4;35;1mMary Create (0.1ms)[0m   [0mINSERT INTO "maries" ("name", "status") VALUES(NULL, 0)[0m
  [4;36;1mSQL (0.1ms)[0m   [0;1m SELECT name
 FROM sqlite_master
 WHERE type = 'table' AND NOT name = 'sqlite_sequence'
[0m
  [4;35;1mSQL (0.1ms)[0m   [0mDROP TABLE "maries"[0m
  [4;36;1mSQL (0.1ms)[0m   [0;1mCREATE TABLE "maries" ("id" INTEGER PRIMARY KEY AUTOINCREMENT NOT NULL, "name" varchar(255), "status" integer) [0m
  [4;35;1mMary Create (0.1ms)[0m   [0mINSERT INTO "maries" ("name", "status") VALUES(NULL, 0)[0m
  [4;36;1mSQL (0.1ms)[0m   [0;1m SELECT name
 FROM sqlite_master
 WHERE type = 'table' AND NOT name = 'sqlite_sequence'
[0m
  [4;35;1mSQL (0.1ms)[0m   [0mDROP TABLE "maries"[0m
  [4;36;1mSQL (0.1ms)[0m   [0;1mCREATE TABLE "maries" ("id" INTEGER PRIMARY KEY AUTOINCREMENT NOT NULL, "name" varchar(255), "status" integer) [0m
  [4;35;1mMary Create (0.1ms)[0m   [0mINSERT INTO "maries" ("name", "status") VALUES(NULL, 0)[0m
  [4;36;1mMary Update (0.1ms)[0m   [0;1mUPDATE "maries" SET "status" = 1 WHERE "id" = 1[0m
  [4;35;1mSQL (0.1ms)[0m   [0m SELECT name
 FROM sqlite_master
 WHERE type = 'table' AND NOT name = 'sqlite_sequence'
[0m
  [4;36;1mSQL (0.1ms)[0m   [0;1mDROP TABLE "maries"[0m
  [4;35;1mSQL (0.1ms)[0m   [0mCREATE TABLE "maries" ("id" INTEGER PRIMARY KEY AUTOINCREMENT NOT NULL, "name" varchar(255), "status" integer) [0m
  [4;36;1mMary Create (0.1ms)[0m   [0;1mINSERT INTO "maries" ("name", "status") VALUES(NULL, 0)[0m
  [4;35;1mMary Update (0.1ms)[0m   [0mUPDATE "maries" SET "status" = 1 WHERE "id" = 1[0m
  [4;36;1mSQL (0.1ms)[0m   [0;1m SELECT name
 FROM sqlite_master
 WHERE type = 'table' AND NOT name = 'sqlite_sequence'
[0m
  [4;35;1mSQL (0.1ms)[0m   [0mDROP TABLE "maries"[0m
  [4;36;1mSQL (0.1ms)[0m   [0;1mCREATE TABLE "maries" ("id" INTEGER PRIMARY KEY AUTOINCREMENT NOT NULL, "name" varchar(255), "status" integer) [0m
  [4;35;1mMary Create (0.1ms)[0m   [0mINSERT INTO "maries" ("name", "status") VALUES(NULL, 0)[0m
  [4;36;1mMary Create (0.1ms)[0m   [0;1mINSERT INTO "maries" ("name", "status") VALUES(NULL, 0)[0m
  [4;35;1mMary Load (0.2ms)[0m   [0mSELECT * FROM "maries" WHERE ("maries"."status" = 0) [0m
  [4;36;1mSQL (0.2ms)[0m   [0;1mselect sqlite_version(*)[0m
  [4;35;1mSQL (0.2ms)[0m   [0m SELECT name
 FROM sqlite_master
 WHERE type = 'table' AND NOT name = 'sqlite_sequence'
[0m
  [4;36;1mSQL (0.2ms)[0m   [0;1mCREATE TABLE "maries" ("id" INTEGER PRIMARY KEY AUTOINCREMENT NOT NULL, "name" varchar(255), "status" integer) [0m
  [4;35;1mMary Create (0.1ms)[0m   [0mINSERT INTO "maries" ("name", "status") VALUES(NULL, 0)[0m
  [4;36;1mSQL (0.2ms)[0m   [0;1m SELECT name
 FROM sqlite_master
 WHERE type = 'table' AND NOT name = 'sqlite_sequence'
[0m
  [4;35;1mSQL (0.1ms)[0m   [0mDROP TABLE "maries"[0m
  [4;36;1mSQL (0.1ms)[0m   [0;1mCREATE TABLE "maries" ("id" INTEGER PRIMARY KEY AUTOINCREMENT NOT NULL, "name" varchar(255), "status" integer) [0m
  [4;35;1mMary Create (0.1ms)[0m   [0mINSERT INTO "maries" ("name", "status") VALUES(NULL, 0)[0m
  [4;36;1mSQL (0.1ms)[0m   [0;1m SELECT name
 FROM sqlite_master
 WHERE type = 'table' AND NOT name = 'sqlite_sequence'
[0m
  [4;35;1mSQL (0.1ms)[0m   [0mDROP TABLE "maries"[0m
  [4;36;1mSQL (0.1ms)[0m   [0;1mCREATE TABLE "maries" ("id" INTEGER PRIMARY KEY AUTOINCREMENT NOT NULL, "name" varchar(255), "status" integer) [0m
  [4;35;1mMary Create (0.1ms)[0m   [0mINSERT INTO "maries" ("name", "status") VALUES(NULL, 0)[0m
  [4;36;1mSQL (0.1ms)[0m   [0;1m SELECT name
 FROM sqlite_master
 WHERE type = 'table' AND NOT name = 'sqlite_sequence'
[0m
  [4;35;1mSQL (0.1ms)[0m   [0mDROP TABLE "maries"[0m
  [4;36;1mSQL (0.1ms)[0m   [0;1mCREATE TABLE "maries" ("id" INTEGER PRIMARY KEY AUTOINCREMENT NOT NULL, "name" varchar(255), "status" integer) [0m
  [4;35;1mMary Create (0.1ms)[0m   [0mINSERT INTO "maries" ("name", "status") VALUES(NULL, 0)[0m
  [4;36;1mSQL (0.1ms)[0m   [0;1m SELECT name
 FROM sqlite_master
 WHERE type = 'table' AND NOT name = 'sqlite_sequence'
[0m
  [4;35;1mSQL (0.1ms)[0m   [0mDROP TABLE "maries"[0m
  [4;36;1mSQL (0.1ms)[0m   [0;1mCREATE TABLE "maries" ("id" INTEGER PRIMARY KEY AUTOINCREMENT NOT NULL, "name" varchar(255), "status" integer) [0m
  [4;35;1mMary Create (0.1ms)[0m   [0mINSERT INTO "maries" ("name", "status") VALUES(NULL, 0)[0m
  [4;36;1mSQL (0.1ms)[0m   [0;1m SELECT name
 FROM sqlite_master
 WHERE type = 'table' AND NOT name = 'sqlite_sequence'
[0m
  [4;35;1mSQL (0.1ms)[0m   [0mDROP TABLE "maries"[0m
  [4;36;1mSQL (0.1ms)[0m   [0;1mCREATE TABLE "maries" ("id" INTEGER PRIMARY KEY AUTOINCREMENT NOT NULL, "name" varchar(255), "status" integer) [0m
  [4;35;1mMary Create (0.1ms)[0m   [0mINSERT INTO "maries" ("name", "status") VALUES(NULL, 0)[0m
  [4;36;1mMary Create (0.1ms)[0m   [0;1mINSERT INTO "maries" ("name", "status") VALUES(NULL, 0)[0m
  [4;35;1mMary Load (0.2ms)[0m   [0mSELECT * FROM "maries" WHERE ("maries"."status" = 0) [0m
  [4;36;1mSQL (0.2ms)[0m   [0;1mselect sqlite_version(*)[0m
  [4;35;1mSQL (0.2ms)[0m   [0m SELECT name
 FROM sqlite_master
 WHERE type = 'table' AND NOT name = 'sqlite_sequence'
[0m
  [4;36;1mSQL (0.2ms)[0m   [0;1mCREATE TABLE "maries" ("id" INTEGER PRIMARY KEY AUTOINCREMENT NOT NULL, "name" varchar(255), "status" integer) [0m
  [4;35;1mMary Create (0.1ms)[0m   [0mINSERT INTO "maries" ("name", "status") VALUES(NULL, 0)[0m
  [4;36;1mSQL (0.1ms)[0m   [0;1m SELECT name
 FROM sqlite_master
 WHERE type = 'table' AND NOT name = 'sqlite_sequence'
[0m
  [4;35;1mSQL (0.1ms)[0m   [0mDROP TABLE "maries"[0m
  [4;36;1mSQL (0.1ms)[0m   [0;1mCREATE TABLE "maries" ("id" INTEGER PRIMARY KEY AUTOINCREMENT NOT NULL, "name" varchar(255), "status" integer) [0m
  [4;35;1mMary Create (0.1ms)[0m   [0mINSERT INTO "maries" ("name", "status") VALUES(NULL, 0)[0m
  [4;36;1mSQL (0.1ms)[0m   [0;1m SELECT name
 FROM sqlite_master
 WHERE type = 'table' AND NOT name = 'sqlite_sequence'
[0m
  [4;35;1mSQL (0.1ms)[0m   [0mDROP TABLE "maries"[0m
  [4;36;1mSQL (0.1ms)[0m   [0;1mCREATE TABLE "maries" ("id" INTEGER PRIMARY KEY AUTOINCREMENT NOT NULL, "name" varchar(255), "status" integer) [0m
  [4;35;1mMary Create (0.1ms)[0m   [0mINSERT INTO "maries" ("name", "status") VALUES(NULL, 0)[0m
  [4;36;1mSQL (0.1ms)[0m   [0;1m SELECT name
 FROM sqlite_master
 WHERE type = 'table' AND NOT name = 'sqlite_sequence'
[0m
  [4;35;1mSQL (0.1ms)[0m   [0mDROP TABLE "maries"[0m
  [4;36;1mSQL (0.1ms)[0m   [0;1mCREATE TABLE "maries" ("id" INTEGER PRIMARY KEY AUTOINCREMENT NOT NULL, "name" varchar(255), "status" integer) [0m
  [4;35;1mMary Create (0.1ms)[0m   [0mINSERT INTO "maries" ("name", "status") VALUES(NULL, 0)[0m
  [4;36;1mMary Update (0.1ms)[0m   [0;1mUPDATE "maries" SET "status" = 1 WHERE "id" = 1[0m
  [4;35;1mSQL (0.1ms)[0m   [0m SELECT name
 FROM sqlite_master
 WHERE type = 'table' AND NOT name = 'sqlite_sequence'
[0m
  [4;36;1mSQL (0.1ms)[0m   [0;1mDROP TABLE "maries"[0m
  [4;35;1mSQL (0.1ms)[0m   [0mCREATE TABLE "maries" ("id" INTEGER PRIMARY KEY AUTOINCREMENT NOT NULL, "name" varchar(255), "status" integer) [0m
  [4;36;1mMary Create (0.1ms)[0m   [0;1mINSERT INTO "maries" ("name", "status") VALUES(NULL, 0)[0m
  [4;35;1mMary Update (0.1ms)[0m   [0mUPDATE "maries" SET "status" = 1 WHERE "id" = 1[0m
  [4;36;1mSQL (0.1ms)[0m   [0;1m SELECT name
 FROM sqlite_master
 WHERE type = 'table' AND NOT name = 'sqlite_sequence'
[0m
  [4;35;1mSQL (0.1ms)[0m   [0mDROP TABLE "maries"[0m
  [4;36;1mSQL (0.1ms)[0m   [0;1mCREATE TABLE "maries" ("id" INTEGER PRIMARY KEY AUTOINCREMENT NOT NULL, "name" varchar(255), "status" integer) [0m
  [4;35;1mMary Create (0.1ms)[0m   [0mINSERT INTO "maries" ("name", "status") VALUES(NULL, 0)[0m
  [4;36;1mMary Create (0.1ms)[0m   [0;1mINSERT INTO "maries" ("name", "status") VALUES(NULL, 0)[0m
  [4;35;1mMary Load (1.5ms)[0m   [0mSELECT * FROM "maries" WHERE ("maries"."status" = 0) [0m
